app/build/intermediates/manifest_merge_blame_file/debug/manifest-merger-blame-debug-report.txt
1<?xml version="1.0" encoding="utf-8"?>
2<manifest xmlns:android="http://schemas.android.com/apk/res/android"
3    package="com.tech.world"
4    android:versionCode="31"
5    android:versionName="1.0" >
6
7    <uses-sdk
8        android:minSdkVersion="23"
8-->src\main\AndroidManifest.xml
9        android:targetSdkVersion="30" />
9-->src\main\AndroidManifest.xml
10    <!-- PERMISSIONS -->
11    <uses-permission android:name="android.permission.INTERNET" />
11-->src\main\AndroidManifest.xml:6:5-67
11-->src\main\AndroidManifest.xml:6:22-64
12    <uses-permission android:name="android.permission.ACCESS_NETWORK_STATE" />
12-->src\main\AndroidManifest.xml:7:5-79
12-->src\main\AndroidManifest.xml:7:22-76
13    <uses-permission android:name="android.permission.ACCESS_WIFI_STATE" />
13-->src\main\AndroidManifest.xml:8:5-76
13-->src\main\AndroidManifest.xml:8:22-73
14    <uses-permission android:name="android.permission.READ_CONTACTS" />
14-->src\main\AndroidManifest.xml:9:5-72
14-->src\main\AndroidManifest.xml:9:22-69
15    <uses-permission android:name="android.permission.READ_EXTERNAL_STORAGE" />
15-->src\main\AndroidManifest.xml:10:5-80
15-->src\main\AndroidManifest.xml:10:22-77
16    <uses-permission
16-->src\main\AndroidManifest.xml:11:5-13:38
17        android:name="android.permission.WRITE_EXTERNAL_STORAGE"
17-->src\main\AndroidManifest.xml:12:9-65
18        android:maxSdkVersion="28" />
18-->src\main\AndroidManifest.xml:13:9-35
19    <uses-permission android:name="android.permission.CAMERA" />
19-->src\main\AndroidManifest.xml:14:5-65
19-->src\main\AndroidManifest.xml:14:22-62
20    <uses-permission android:name="android.permission.RECORD_AUDIO" />
20-->src\main\AndroidManifest.xml:15:5-71
20-->src\main\AndroidManifest.xml:15:22-68
21    <uses-permission android:name="android.permission.MODIFY_AUDIO_SETTINGS" />
21-->src\main\AndroidManifest.xml:16:5-80
21-->src\main\AndroidManifest.xml:16:22-77
22    <uses-permission android:name="android.permission.WAKE_LOCK" />
22-->src\main\AndroidManifest.xml:17:5-68
22-->src\main\AndroidManifest.xml:17:22-65
23    <uses-permission android:name="android.permission.ACCESS_COARSE_LOCATION" />
23-->src\main\AndroidManifest.xml:18:5-81
23-->src\main\AndroidManifest.xml:18:22-78
24    <uses-permission android:name="android.permission.ACCESS_FINE_LOCATION" />
24-->src\main\AndroidManifest.xml:19:5-79
24-->src\main\AndroidManifest.xml:19:22-76
25    <uses-permission android:name="android.permission.RECEIVE_BOOT_COMPLETED" />
25-->src\main\AndroidManifest.xml:20:5-81
25-->src\main\AndroidManifest.xml:20:22-78
26    <uses-permission android:name="android.permission.READ_PHONE_STATE" />
26-->src\main\AndroidManifest.xml:21:5-75
26-->src\main\AndroidManifest.xml:21:22-72
27    <uses-permission android:name="com.google.android.c2dm.permission.RECEIVE" />
27-->src\main\AndroidManifest.xml:22:5-82
27-->src\main\AndroidManifest.xml:22:22-79
28    <uses-permission android:name="android.permission.FOREGROUND_SERVICE" />
28-->src\main\AndroidManifest.xml:23:5-77
28-->src\main\AndroidManifest.xml:23:22-74
29    <uses-permission android:name="android.permission.USE_FULL_SCREEN_INTENT" />
29-->src\main\AndroidManifest.xml:24:5-81
29-->src\main\AndroidManifest.xml:24:22-78
30
31    <uses-feature
31-->src\main\AndroidManifest.xml:26:5-28:36
32        android:name="android.hardware.location.network"
32-->src\main\AndroidManifest.xml:27:9-57
33        android:required="false" />
33-->src\main\AndroidManifest.xml:28:9-33
34    <uses-feature
34-->src\main\AndroidManifest.xml:29:5-31:36
35        android:name="android.hardware.location.gps"
35-->src\main\AndroidManifest.xml:30:9-53
36        android:required="false" />
36-->src\main\AndroidManifest.xml:31:9-33
37
38    <queries>
38-->[com.github.CanHub:Android-Image-Cropper:2.1.1] AndroidManifest.xml:11:5-22:15
39        <intent>
39-->[com.github.CanHub:Android-Image-Cropper:2.1.1] AndroidManifest.xml:12:9-18:18
40            <action android:name="android.intent.action.GET_CONTENT" />
40-->[com.github.CanHub:Android-Image-Cropper:2.1.1] AndroidManifest.xml:13:13-72
40-->[com.github.CanHub:Android-Image-Cropper:2.1.1] AndroidManifest.xml:13:21-69
41
42            <category android:name="android.intent.category.OPENABLE" />
42-->[com.github.CanHub:Android-Image-Cropper:2.1.1] AndroidManifest.xml:15:13-73
42-->[com.github.CanHub:Android-Image-Cropper:2.1.1] AndroidManifest.xml:15:23-70
43
44            <data android:mimeType="*/*" />
44-->src\main\AndroidManifest.xml:159:17-55
44-->src\main\AndroidManifest.xml:159:23-52
45        </intent>
46        <intent>
46-->[com.github.CanHub:Android-Image-Cropper:2.1.1] AndroidManifest.xml:19:9-21:18
47            <action android:name="android.media.action.IMAGE_CAPTURE" />
47-->[com.github.CanHub:Android-Image-Cropper:2.1.1] AndroidManifest.xml:20:13-73
47-->[com.github.CanHub:Android-Image-Cropper:2.1.1] AndroidManifest.xml:20:21-70
48        </intent>
49        <!-- For browser content -->
50        <intent>
50-->[com.google.android.gms:play-services-ads-lite:19.7.0] AndroidManifest.xml:30:9-36:18
51            <action android:name="android.intent.action.VIEW" />
51-->src\main\AndroidManifest.xml:269:17-69
51-->src\main\AndroidManifest.xml:269:25-66
52
53            <category android:name="android.intent.category.BROWSABLE" />
53-->src\main\AndroidManifest.xml:272:17-78
53-->src\main\AndroidManifest.xml:272:27-75
54
55            <data android:scheme="https" />
55-->src\main\AndroidManifest.xml:159:17-55
55-->src\main\AndroidManifest.xml:277:21-42
56        </intent> <!-- End of browser content -->
57        <!-- For CustomTabsService -->
58        <intent>
58-->[com.google.android.gms:play-services-ads-lite:19.7.0] AndroidManifest.xml:39:9-41:18
59            <action android:name="android.support.customtabs.action.CustomTabsService" />
59-->[com.google.android.gms:play-services-ads-lite:19.7.0] AndroidManifest.xml:40:13-90
59-->[com.google.android.gms:play-services-ads-lite:19.7.0] AndroidManifest.xml:40:21-87
60        </intent>
61    </queries>
62
63    <uses-permission android:name="android.permission.BLUETOOTH" />
63-->[org.jitsi.react:jitsi-meet-sdk:3.10.2] AndroidManifest.xml:11:5-68
63-->[org.jitsi.react:jitsi-meet-sdk:3.10.2] AndroidManifest.xml:11:22-65
64    <uses-permission android:name="android.permission.MANAGE_OWN_CALLS" />
64-->[org.jitsi.react:jitsi-meet-sdk:3.10.2] AndroidManifest.xml:14:5-75
64-->[org.jitsi.react:jitsi-meet-sdk:3.10.2] AndroidManifest.xml:14:22-72
65    <uses-permission android:name="android.permission.SYSTEM_ALERT_WINDOW" />
65-->[org.jitsi.react:jitsi-meet-sdk:3.10.2] AndroidManifest.xml:17:5-78
65-->[org.jitsi.react:jitsi-meet-sdk:3.10.2] AndroidManifest.xml:17:22-75
66
67    <uses-feature
67-->[org.jitsi.react:jitsi-meet-sdk:3.10.2] AndroidManifest.xml:22:5-24:35
68        android:glEsVersion="0x00020000"
68-->[org.jitsi.react:jitsi-meet-sdk:3.10.2] AndroidManifest.xml:23:9-41
69        android:required="true" />
69-->[org.jitsi.react:jitsi-meet-sdk:3.10.2] AndroidManifest.xml:24:9-32
70    <uses-feature
70-->[org.jitsi.react:jitsi-meet-sdk:3.10.2] AndroidManifest.xml:25:5-27:36
71        android:name="android.hardware.camera"
71-->[org.jitsi.react:jitsi-meet-sdk:3.10.2] AndroidManifest.xml:26:9-47
72        android:required="false" />
72-->[org.jitsi.react:jitsi-meet-sdk:3.10.2] AndroidManifest.xml:27:9-33
73    <uses-feature
73-->[org.jitsi.react:jitsi-meet-sdk:3.10.2] AndroidManifest.xml:28:5-30:36
74        android:name="android.hardware.camera.autofocus"
74-->[org.jitsi.react:jitsi-meet-sdk:3.10.2] AndroidManifest.xml:29:9-57
75        android:required="false" />
75-->[org.jitsi.react:jitsi-meet-sdk:3.10.2] AndroidManifest.xml:30:9-33
76
77    <uses-permission android:name="android.permission.USE_BIOMETRIC" /> <!-- suppress DeprecatedClassUsageInspection -->
77-->[androidx.biometric:biometric:1.1.0] AndroidManifest.xml:24:5-72
77-->[androidx.biometric:biometric:1.1.0] AndroidManifest.xml:24:22-69
78    <uses-permission android:name="android.permission.USE_FINGERPRINT" />
78-->[androidx.biometric:biometric:1.1.0] AndroidManifest.xml:27:5-74
78-->[androidx.biometric:biometric:1.1.0] AndroidManifest.xml:27:22-71
79    <uses-permission android:name="android.permission.WRITE_CALENDAR" />
79-->[com.facebook.react:react-native-calendar-events:2.0.0-jitsi-8711917] AndroidManifest.xml:11:5-73
79-->[com.facebook.react:react-native-calendar-events:2.0.0-jitsi-8711917] AndroidManifest.xml:11:22-70
80    <uses-permission android:name="android.permission.READ_CALENDAR" /> <!-- for android -->
80-->[com.facebook.react:react-native-calendar-events:2.0.0-jitsi-8711917] AndroidManifest.xml:12:5-72
80-->[com.facebook.react:react-native-calendar-events:2.0.0-jitsi-8711917] AndroidManifest.xml:12:22-69
81    <!-- <uses-permission android:name="com.android.launcher.permission.READ_SETTINGS"/> -->
82    <!-- <uses-permission android:name="com.android.launcher.permission.WRITE_SETTINGS"/> -->
83    <!-- <uses-permission android:name="com.android.launcher.permission.INSTALL_SHORTCUT" /> -->
84    <!-- <uses-permission android:name="com.android.launcher.permission.UNINSTALL_SHORTCUT" /> -->
85    <!-- for Samsung -->
86    <uses-permission android:name="com.sec.android.provider.badge.permission.READ" />
86-->[me.leolin:ShortcutBadger:1.1.22] AndroidManifest.xml:19:5-86
86-->[me.leolin:ShortcutBadger:1.1.22] AndroidManifest.xml:19:22-83
87    <uses-permission android:name="com.sec.android.provider.badge.permission.WRITE" /> <!-- for htc -->
87-->[me.leolin:ShortcutBadger:1.1.22] AndroidManifest.xml:20:5-87
87-->[me.leolin:ShortcutBadger:1.1.22] AndroidManifest.xml:20:22-84
88    <uses-permission android:name="com.htc.launcher.permission.READ_SETTINGS" />
88-->[me.leolin:ShortcutBadger:1.1.22] AndroidManifest.xml:23:5-81
88-->[me.leolin:ShortcutBadger:1.1.22] AndroidManifest.xml:23:22-78
89    <uses-permission android:name="com.htc.launcher.permission.UPDATE_SHORTCUT" /> <!-- for sony -->
89-->[me.leolin:ShortcutBadger:1.1.22] AndroidManifest.xml:24:5-83
89-->[me.leolin:ShortcutBadger:1.1.22] AndroidManifest.xml:24:22-80
90    <uses-permission android:name="com.sonyericsson.home.permission.BROADCAST_BADGE" />
90-->[me.leolin:ShortcutBadger:1.1.22] AndroidManifest.xml:27:5-88
90-->[me.leolin:ShortcutBadger:1.1.22] AndroidManifest.xml:27:22-85
91    <uses-permission android:name="com.sonymobile.home.permission.PROVIDER_INSERT_BADGE" /> <!-- for apex -->
91-->[me.leolin:ShortcutBadger:1.1.22] AndroidManifest.xml:28:5-92
91-->[me.leolin:ShortcutBadger:1.1.22] AndroidManifest.xml:28:22-89
92    <uses-permission android:name="com.anddoes.launcher.permission.UPDATE_COUNT" /> <!-- for solid -->
92-->[me.leolin:ShortcutBadger:1.1.22] AndroidManifest.xml:31:5-84
92-->[me.leolin:ShortcutBadger:1.1.22] AndroidManifest.xml:31:22-81
93    <uses-permission android:name="com.majeur.launcher.permission.UPDATE_BADGE" /> <!-- for huawei -->
93-->[me.leolin:ShortcutBadger:1.1.22] AndroidManifest.xml:34:5-83
93-->[me.leolin:ShortcutBadger:1.1.22] AndroidManifest.xml:34:22-80
94    <uses-permission android:name="com.huawei.android.launcher.permission.CHANGE_BADGE" />
94-->[me.leolin:ShortcutBadger:1.1.22] AndroidManifest.xml:37:5-91
94-->[me.leolin:ShortcutBadger:1.1.22] AndroidManifest.xml:37:22-88
95    <uses-permission android:name="com.huawei.android.launcher.permission.READ_SETTINGS" />
95-->[me.leolin:ShortcutBadger:1.1.22] AndroidManifest.xml:38:5-92
95-->[me.leolin:ShortcutBadger:1.1.22] AndroidManifest.xml:38:22-89
96    <uses-permission android:name="com.huawei.android.launcher.permission.WRITE_SETTINGS" /> <!-- for ZUK -->
96-->[me.leolin:ShortcutBadger:1.1.22] AndroidManifest.xml:39:5-93
96-->[me.leolin:ShortcutBadger:1.1.22] AndroidManifest.xml:39:22-90
97    <uses-permission android:name="android.permission.READ_APP_BADGE" /> <!-- for OPPO -->
97-->[me.leolin:ShortcutBadger:1.1.22] AndroidManifest.xml:42:5-73
97-->[me.leolin:ShortcutBadger:1.1.22] AndroidManifest.xml:42:22-70
98    <uses-permission android:name="com.oppo.launcher.permission.READ_SETTINGS" />
98-->[me.leolin:ShortcutBadger:1.1.22] AndroidManifest.xml:45:5-82
98-->[me.leolin:ShortcutBadger:1.1.22] AndroidManifest.xml:45:22-79
99    <uses-permission android:name="com.oppo.launcher.permission.WRITE_SETTINGS" /> <!-- for EvMe -->
99-->[me.leolin:ShortcutBadger:1.1.22] AndroidManifest.xml:46:5-83
99-->[me.leolin:ShortcutBadger:1.1.22] AndroidManifest.xml:46:22-80
100    <uses-permission android:name="me.everything.badger.permission.BADGE_COUNT_READ" />
100-->[me.leolin:ShortcutBadger:1.1.22] AndroidManifest.xml:49:5-88
100-->[me.leolin:ShortcutBadger:1.1.22] AndroidManifest.xml:49:22-85
101    <uses-permission android:name="me.everything.badger.permission.BADGE_COUNT_WRITE" />
101-->[me.leolin:ShortcutBadger:1.1.22] AndroidManifest.xml:50:5-89
101-->[me.leolin:ShortcutBadger:1.1.22] AndroidManifest.xml:50:22-86
102    <uses-permission android:name="com.google.android.finsky.permission.BIND_GET_INSTALL_REFERRER_SERVICE" />
102-->[com.google.android.gms:play-services-measurement:18.0.2] AndroidManifest.xml:26:5-110
102-->[com.google.android.gms:play-services-measurement:18.0.2] AndroidManifest.xml:26:22-107
103
104    <application
104-->src\main\AndroidManifest.xml:33:5-354:19
105        android:name="com.tech.world.utils.MyApp"
105-->src\main\AndroidManifest.xml:34:9-36
106        android:allowBackup="false"
106-->src\main\AndroidManifest.xml:35:9-36
107        android:appComponentFactory="androidx.core.app.CoreComponentFactory"
107-->[androidx.core:core:1.5.0-beta01] AndroidManifest.xml:24:18-86
108        android:debuggable="true"
109        android:extractNativeLibs="false"
110        android:icon="@mipmap/ic_launcher"
110-->src\main\AndroidManifest.xml:36:9-43
111        android:label="@string/app_name"
111-->src\main\AndroidManifest.xml:37:9-41
112        android:roundIcon="@mipmap/ic_launcher_round"
112-->src\main\AndroidManifest.xml:38:9-54
113        android:supportsRtl="false"
113-->src\main\AndroidManifest.xml:39:9-36
114        android:testOnly="true"
115        android:theme="@style/SplashScreenTheme" >
115-->src\main\AndroidManifest.xml:40:9-49
116        <activity
116-->src\main\AndroidManifest.xml:42:9-44:40
117            android:name="com.tech.world.activities.settings.SettingsFragments"
117-->src\main\AndroidManifest.xml:43:13-66
118            android:exported="false" />
118-->src\main\AndroidManifest.xml:44:13-37
119        <activity
119-->src\main\AndroidManifest.xml:45:9-48:47
120            android:name="com.tech.world.activities.main.MeetingHistoryActivity"
120-->src\main\AndroidManifest.xml:46:13-67
121            android:exported="false"
121-->src\main\AndroidManifest.xml:47:13-37
122            android:label="@string/history" />
122-->src\main\AndroidManifest.xml:48:13-44
123        <activity
123-->src\main\AndroidManifest.xml:49:9-51:40
124            android:name="com.tech.world.activities.main.MeetingActivity"
124-->src\main\AndroidManifest.xml:50:13-60
125            android:label="Meetings" />
125-->src\main\AndroidManifest.xml:51:13-37
126
127        <service
127-->src\main\AndroidManifest.xml:53:9-56:40
128            android:name="com.tech.world.services.CompleteSetupService"
128-->src\main\AndroidManifest.xml:54:13-58
129            android:enabled="true"
129-->src\main\AndroidManifest.xml:55:13-35
130            android:exported="false" />
130-->src\main\AndroidManifest.xml:56:13-37
131        <service
131-->src\main\AndroidManifest.xml:57:9-60:40
132            android:name="com.tech.world.services.BackupService"
132-->src\main\AndroidManifest.xml:58:13-51
133            android:enabled="true"
133-->src\main\AndroidManifest.xml:59:13-35
134            android:exported="false" />
134-->src\main\AndroidManifest.xml:60:13-37
135
136        <uses-library
136-->src\main\AndroidManifest.xml:62:9-64:40
137            android:name="org.apache.http.legacy"
137-->src\main\AndroidManifest.xml:63:13-50
138            android:required="false" /> <!-- ACTIVITIES -->
138-->src\main\AndroidManifest.xml:64:13-37
139        <activity
139-->src\main\AndroidManifest.xml:65:9-69:58
140            android:name="com.tech.world.activities.setup.EnterUsernameActivity"
140-->src\main\AndroidManifest.xml:66:13-67
141            android:screenOrientation="portrait"
141-->src\main\AndroidManifest.xml:67:13-49
142            android:theme="@style/AppTheme"
142-->src\main\AndroidManifest.xml:68:13-44
143            android:windowSoftInputMode="adjustResize" />
143-->src\main\AndroidManifest.xml:69:13-55
144        <activity
144-->src\main\AndroidManifest.xml:70:9-72:52
145            android:name="com.tech.world.activities.LoggedOutActivity"
145-->src\main\AndroidManifest.xml:71:13-57
146            android:screenOrientation="portrait" />
146-->src\main\AndroidManifest.xml:72:13-49
147        <activity
147-->src\main\AndroidManifest.xml:73:9-75:52
148            android:name="com.tech.world.activities.SaveE2EActivity"
148-->src\main\AndroidManifest.xml:74:13-55
149            android:screenOrientation="portrait" />
149-->src\main\AndroidManifest.xml:75:13-49
150        <activity
150-->src\main\AndroidManifest.xml:76:9-80:54
151            android:name="com.tech.world.activities.LockscreenActivity"
151-->src\main\AndroidManifest.xml:77:13-58
152            android:launchMode="singleTask"
152-->src\main\AndroidManifest.xml:78:13-44
153            android:screenOrientation="portrait"
153-->src\main\AndroidManifest.xml:79:13-49
154            android:theme="@style/FullscreenTheme" />
154-->src\main\AndroidManifest.xml:80:13-51
155        <activity
155-->src\main\AndroidManifest.xml:81:9-86:71
156            android:name="com.tech.world.activities.authentication.AuthenticationActivity"
156-->src\main\AndroidManifest.xml:82:13-77
157            android:exported="true"
157-->src\main\AndroidManifest.xml:83:13-36
158            android:screenOrientation="portrait"
158-->src\main\AndroidManifest.xml:84:13-49
159            android:theme="@style/AppTheme.NoActionBar"
159-->src\main\AndroidManifest.xml:85:13-56
160            android:windowSoftInputMode="stateVisible|adjustResize" />
160-->src\main\AndroidManifest.xml:86:13-68
161        <activity
161-->src\main\AndroidManifest.xml:87:9-90:59
162            android:name="com.tech.world.activities.UpdateActivity"
162-->src\main\AndroidManifest.xml:88:13-54
163            android:screenOrientation="portrait"
163-->src\main\AndroidManifest.xml:89:13-49
164            android:theme="@style/AppTheme.NoActionBar" />
164-->src\main\AndroidManifest.xml:90:13-56
165        <activity
165-->src\main\AndroidManifest.xml:91:9-95:71
166            android:name="com.tech.world.activities.TextStatusActivity"
166-->src\main\AndroidManifest.xml:92:13-58
167            android:screenOrientation="portrait"
167-->src\main\AndroidManifest.xml:93:13-49
168            android:theme="@style/AppTheme.Translucent"
168-->src\main\AndroidManifest.xml:94:13-56
169            android:windowSoftInputMode="stateVisible|adjustResize" />
169-->src\main\AndroidManifest.xml:95:13-68
170        <activity
170-->src\main\AndroidManifest.xml:96:9-100:59
171            android:name="com.tech.world.activities.main.MainActivity"
171-->src\main\AndroidManifest.xml:97:13-57
172            android:launchMode="singleTop"
172-->src\main\AndroidManifest.xml:98:13-43
173            android:screenOrientation="portrait"
173-->src\main\AndroidManifest.xml:99:13-49
174            android:theme="@style/AppTheme.NoActionBar" />
174-->src\main\AndroidManifest.xml:100:13-56
175        <activity
175-->src\main\AndroidManifest.xml:101:9-104:47
176            android:name="com.tech.world.activities.ShareGroupLinkActivity"
176-->src\main\AndroidManifest.xml:102:13-62
177            android:screenOrientation="portrait"
177-->src\main\AndroidManifest.xml:103:13-49
178            android:theme="@style/AppTheme" />
178-->src\main\AndroidManifest.xml:104:13-44
179        <activity android:name="com.tech.world.activities.SplashActivity" />
179-->src\main\AndroidManifest.xml:105:9-63
179-->src\main\AndroidManifest.xml:105:19-60
180        <activity
180-->src\main\AndroidManifest.xml:106:9-114:20
181            android:name="com.tech.world.activities.IntroActivity"
181-->src\main\AndroidManifest.xml:107:13-53
182            android:screenOrientation="portrait" >
182-->src\main\AndroidManifest.xml:108:13-49
183            <intent-filter>
183-->src\main\AndroidManifest.xml:109:13-113:29
184                <action android:name="android.intent.action.MAIN" />
184-->src\main\AndroidManifest.xml:110:17-69
184-->src\main\AndroidManifest.xml:110:25-66
185
186                <category android:name="android.intent.category.LAUNCHER" />
186-->src\main\AndroidManifest.xml:112:17-77
186-->src\main\AndroidManifest.xml:112:27-74
187            </intent-filter>
188        </activity>
189        <activity
189-->src\main\AndroidManifest.xml:115:9-118:59
190            android:name="com.tech.world.activities.NewChatActivity"
190-->src\main\AndroidManifest.xml:116:13-55
191            android:screenOrientation="portrait"
191-->src\main\AndroidManifest.xml:117:13-49
192            android:theme="@style/AppTheme.NoActionBar" />
192-->src\main\AndroidManifest.xml:118:13-56
193        <activity
193-->src\main\AndroidManifest.xml:119:9-124:59
194            android:name="com.tech.world.activities.main.messaging.ChatActivity"
194-->src\main\AndroidManifest.xml:120:13-67
195            android:label=""
195-->src\main\AndroidManifest.xml:121:13-29
196            android:parentActivityName="com.tech.world.activities.main.MainActivity"
196-->src\main\AndroidManifest.xml:122:13-71
197            android:screenOrientation="portrait"
197-->src\main\AndroidManifest.xml:123:13-49
198            android:theme="@style/AppTheme.NoActionBar" />
198-->src\main\AndroidManifest.xml:124:13-56
199        <activity
199-->src\main\AndroidManifest.xml:125:9-129:54
200            android:name="com.tech.world.activities.FullscreenActivity"
200-->src\main\AndroidManifest.xml:126:13-58
201            android:label=""
201-->src\main\AndroidManifest.xml:127:13-29
202            android:screenOrientation="portrait"
202-->src\main\AndroidManifest.xml:128:13-49
203            android:theme="@style/FullScreenTheme" />
203-->src\main\AndroidManifest.xml:129:13-51
204        <activity
204-->src\main\AndroidManifest.xml:130:9-132:47
205            android:name="com.canhub.cropper.CropImageActivity"
205-->src\main\AndroidManifest.xml:131:13-64
206            android:theme="@style/AppTheme" />
206-->src\main\AndroidManifest.xml:132:13-44
207        <activity
207-->src\main\AndroidManifest.xml:133:9-136:59
208            android:name="com.tech.world.activities.AgreePrivacyPolicyActivity"
208-->src\main\AndroidManifest.xml:134:13-66
209            android:exported="true"
209-->src\main\AndroidManifest.xml:135:13-36
210            android:theme="@style/AppTheme.NoActionBar" />
210-->src\main\AndroidManifest.xml:136:13-56
211        <activity
211-->src\main\AndroidManifest.xml:137:9-140:59
212            android:name="com.tech.world.activities.CameraActivity"
212-->src\main\AndroidManifest.xml:138:13-54
213            android:screenOrientation="portrait"
213-->src\main\AndroidManifest.xml:139:13-49
214            android:theme="@style/AppTheme.NoActionBar" />
214-->src\main\AndroidManifest.xml:140:13-56
215        <activity
215-->src\main\AndroidManifest.xml:141:9-143:50
216            android:name="com.tech.world.activities.ProfilePhotoDialog"
216-->src\main\AndroidManifest.xml:142:13-58
217            android:theme="@style/DialogTheme" />
217-->src\main\AndroidManifest.xml:143:13-47
218        <activity
218-->src\main\AndroidManifest.xml:144:9-208:20
219            android:name="com.tech.world.activities.ForwardActivity"
219-->src\main\AndroidManifest.xml:145:13-55
220            android:launchMode="singleTop"
220-->src\main\AndroidManifest.xml:146:13-43
221            android:screenOrientation="portrait"
221-->src\main\AndroidManifest.xml:147:13-49
222            android:theme="@style/AppTheme.NoActionBar" >
222-->src\main\AndroidManifest.xml:148:13-56
223
224            <!-- these intent filters to receive data from other apps including images,videos,audio,contacts -->
225
226
227            <!-- receive text -->
228            <intent-filter>
228-->src\main\AndroidManifest.xml:154:13-160:29
229                <action android:name="android.intent.action.SEND" />
229-->src\main\AndroidManifest.xml:155:17-69
229-->src\main\AndroidManifest.xml:155:25-66
230
231                <category android:name="android.intent.category.DEFAULT" />
231-->src\main\AndroidManifest.xml:157:17-76
231-->src\main\AndroidManifest.xml:157:27-73
232
233                <data android:mimeType="text/plain" />
233-->src\main\AndroidManifest.xml:159:17-55
233-->src\main\AndroidManifest.xml:159:23-52
234            </intent-filter>
235
236            <!-- receive one image -->
237            <intent-filter>
237-->src\main\AndroidManifest.xml:163:13-169:29
238                <action android:name="android.intent.action.SEND" />
238-->src\main\AndroidManifest.xml:155:17-69
238-->src\main\AndroidManifest.xml:155:25-66
239
240                <category android:name="android.intent.category.DEFAULT" />
240-->src\main\AndroidManifest.xml:157:17-76
240-->src\main\AndroidManifest.xml:157:27-73
241
242                <data android:mimeType="image/*" />
242-->src\main\AndroidManifest.xml:159:17-55
242-->src\main\AndroidManifest.xml:159:23-52
243            </intent-filter>
244
245            <!-- receive multiple images -->
246
247            <intent-filter>
247-->src\main\AndroidManifest.xml:173:13-179:29
248                <action android:name="android.intent.action.SEND_MULTIPLE" />
248-->src\main\AndroidManifest.xml:174:17-78
248-->src\main\AndroidManifest.xml:174:25-75
249
250                <category android:name="android.intent.category.DEFAULT" />
250-->src\main\AndroidManifest.xml:157:17-76
250-->src\main\AndroidManifest.xml:157:27-73
251
252                <data android:mimeType="image/*" />
252-->src\main\AndroidManifest.xml:159:17-55
252-->src\main\AndroidManifest.xml:159:23-52
253            </intent-filter>
254
255            <!-- receive one video only -->
256
257            <intent-filter>
257-->src\main\AndroidManifest.xml:183:13-189:29
258                <action android:name="android.intent.action.SEND" />
258-->src\main\AndroidManifest.xml:155:17-69
258-->src\main\AndroidManifest.xml:155:25-66
259
260                <category android:name="android.intent.category.DEFAULT" />
260-->src\main\AndroidManifest.xml:157:17-76
260-->src\main\AndroidManifest.xml:157:27-73
261
262                <data android:mimeType="video/*" />
262-->src\main\AndroidManifest.xml:159:17-55
262-->src\main\AndroidManifest.xml:159:23-52
263            </intent-filter>
264
265            <!-- receive one audio -->
266            <intent-filter>
266-->src\main\AndroidManifest.xml:192:13-198:29
267                <action android:name="android.intent.action.SEND" />
267-->src\main\AndroidManifest.xml:155:17-69
267-->src\main\AndroidManifest.xml:155:25-66
268
269                <category android:name="android.intent.category.DEFAULT" />
269-->src\main\AndroidManifest.xml:157:17-76
269-->src\main\AndroidManifest.xml:157:27-73
270
271                <data android:mimeType="audio/*" />
271-->src\main\AndroidManifest.xml:159:17-55
271-->src\main\AndroidManifest.xml:159:23-52
272            </intent-filter>
273
274            <!-- receive contacts -->
275            <intent-filter>
275-->src\main\AndroidManifest.xml:201:13-207:29
276                <action android:name="android.intent.action.SEND" />
276-->src\main\AndroidManifest.xml:155:17-69
276-->src\main\AndroidManifest.xml:155:25-66
277
278                <category android:name="android.intent.category.DEFAULT" />
278-->src\main\AndroidManifest.xml:157:17-76
278-->src\main\AndroidManifest.xml:157:27-73
279
280                <data android:mimeType="text/x-vcard" />
280-->src\main\AndroidManifest.xml:159:17-55
280-->src\main\AndroidManifest.xml:159:23-52
281            </intent-filter>
282        </activity>
283        <activity
283-->src\main\AndroidManifest.xml:209:9-212:59
284            android:name="com.tech.world.activities.UserDetailsActivity"
284-->src\main\AndroidManifest.xml:210:13-59
285            android:screenOrientation="portrait"
285-->src\main\AndroidManifest.xml:211:13-49
286            android:theme="@style/AppTheme.NoActionBar" />
286-->src\main\AndroidManifest.xml:212:13-56
287        <activity
287-->src\main\AndroidManifest.xml:213:9-216:59
288            android:name="com.tech.world.activities.MediaGalleryActivity"
288-->src\main\AndroidManifest.xml:214:13-60
289            android:screenOrientation="portrait"
289-->src\main\AndroidManifest.xml:215:13-49
290            android:theme="@style/AppTheme.NoActionBar" />
290-->src\main\AndroidManifest.xml:216:13-56
291        <activity
291-->src\main\AndroidManifest.xml:217:9-220:47
292            android:name="com.tech.world.activities.SelectContactNumbersActivity"
292-->src\main\AndroidManifest.xml:218:13-68
293            android:screenOrientation="portrait"
293-->src\main\AndroidManifest.xml:219:13-49
294            android:theme="@style/AppTheme" />
294-->src\main\AndroidManifest.xml:220:13-44
295        <activity
295-->src\main\AndroidManifest.xml:221:9-224:47
296            android:name="com.tech.world.activities.ContactDetailsActivity"
296-->src\main\AndroidManifest.xml:222:13-62
297            android:screenOrientation="portrait"
297-->src\main\AndroidManifest.xml:223:13-49
298            android:theme="@style/AppTheme" />
298-->src\main\AndroidManifest.xml:224:13-44
299        <activity
299-->src\main\AndroidManifest.xml:225:9-230:52
300            android:name="com.tech.world.activities.settings.SettingsActivity"
300-->src\main\AndroidManifest.xml:226:13-65